Chang
-----


M: 268435455 of 268435455
total computation time:  02:13:17
--done


Bouillard
---------


j: 27 of 27
total computation time:  00:00:00
--done


BL
--


M: 134217728 of 134217728
total computation time:  01:07:38
--done



number of arrivals: 28
flow of interest: <TokenBucket r=18 b=4 />
weights mode: RPPS
weight of the flow of interest: 18
distinct weights:  [3, 4, 5, 7, 9, 10, 12, 13, 15, 17, 18, 20, 21, 22, 23, 24, 26, 27, 29, 30]
PG (General)                   :  {'LoSC': <RateLatency R=93.7093 T=2.0 />, 'delay bound': 2.0427}
Chang                          :  {'LoSC': (<RateLatency R=93.7093 T=2.0 />, 'best_m (len)=28'), 'delay bound': 2.0427}
Bouillard                      :  {'LoSC': (<RateLatency R=94.5295 T=2.0 />, 'best_j=0'), 'delay bound': 2.0423}
Burchard, Liebeherr            :  {'LoSC': (<RateLatency R=93.7093 T=2.0 />, 'best_m (len)=28'), 'delay bound': 2.0427}




