Chang
-----


M: 268435455 of 268435455
total computation time:  02:18:59
--done


Bouillard
---------


j: 27 of 27
total computation time:  00:00:00
--done


BL
--


M: 134217728 of 134217728
total computation time:  01:09:10
--done



number of arrivals: 28
flow of interest: <TokenBucket r=18 b=4 />
weights mode: EQUAL
weight of the flow of interest: 1
distinct weights:  [1]
PG (General)                   :  {'LoSC': <RateLatency R=85.7143 T=2.0 />, 'delay bound': 2.0467}
Chang                          :  {'LoSC': (<RateLatency R=85.7143 T=2.0 />, 'best_m (len)=28'), 'delay bound': 2.0467}
Bouillard                      :  {'LoSC': (<RateLatency R=88.8889 T=2.0 />, 'best_j=0'), 'delay bound': 2.045}
Burchard, Liebeherr            :  {'LoSC': (<RateLatency R=85.7143 T=2.0 />, 'best_m (len)=28'), 'delay bound': 2.0467}




